2025-07-25 08:02:25,155 - INFO - 系统资源: CPU=32核心, 内存=31.8GB, 可用磁盘=455.9GB
2025-07-25 08:02:25,155 - INFO - 优化配置: 连接池=50, 超时=480s
2025-07-25 08:02:26,156 - INFO - 系统负载评估: CPU=7.5%, 内存=53.2%, 综合负载=30.3%
2025-07-25 08:02:26,157 - INFO - 系统负载较低(30.3%)，启用激进优化模式
2025-07-25 08:02:26,257 - INFO - 成功连接到Neo4j数据库: bolt://localhost:7687
2025-07-25 08:02:26,257 - INFO - Neo4j import目录: E:/neo4j-chs-community-4.4.43-windows/import
2025-07-25 08:02:26,257 - INFO - 系统分析: CPU=32核, 内存=31.8GB, 存储=SSD
2025-07-25 08:02:26,257 - INFO - 优化配置: 连接池=65, 超时=307s
2025-07-25 08:02:26,257 - INFO - 📊 分析待导入数据...
2025-07-25 08:02:26,257 - ERROR - ❌ 导入过程中发生错误 (耗时 0.0 分钟): 'nodes'
2025-07-25 08:02:26,258 - INFO - 已断开与Neo4j的连接。
2025-07-25 08:03:16,685 - INFO - 系统资源: CPU=32核心, 内存=31.8GB, 可用磁盘=455.9GB
2025-07-25 08:03:16,685 - INFO - 优化配置: 连接池=50, 超时=480s
2025-07-25 08:03:17,687 - INFO - 系统负载评估: CPU=12.0%, 内存=54.4%, 综合负载=33.2%
2025-07-25 08:03:17,687 - INFO - 系统负载较低(33.2%)，启用激进优化模式
2025-07-25 08:03:17,696 - INFO - 成功连接到Neo4j数据库: bolt://localhost:7687
2025-07-25 08:03:17,696 - INFO - Neo4j import目录: E:/neo4j-chs-community-4.4.43-windows/import
2025-07-25 08:03:17,696 - INFO - 系统分析: CPU=32核, 内存=31.8GB, 存储=SSD
2025-07-25 08:03:17,696 - INFO - 优化配置: 连接池=65, 超时=307s
2025-07-25 08:03:17,696 - INFO - 📊 分析待导入数据...
2025-07-25 08:03:17,708 - INFO - 正在将CSV文件复制到Neo4j的import目录...
2025-07-25 08:03:17,719 - WARNING - 未找到任何CSV文件需要复制
2025-07-25 08:03:17,720 - INFO - ============================================================
2025-07-25 08:03:17,720 - INFO - 开始导入节点...
2025-07-25 08:03:17,721 - WARNING - 在目录 E:\知识图谱预备役\已补全预处理\处理成功 中未找到节点文件 (neo4j_ready_chemicals_batch_*.csv)。跳过节点导入。
2025-07-25 08:03:17,721 - INFO - 节点导入耗时: 0.0 分钟
2025-07-25 08:03:17,738 - INFO - 关系导入耗时: 0.0 分钟
2025-07-25 08:03:17,739 - ERROR - ❌ 导入过程中发生错误 (耗时 0.0 分钟): 'total'
2025-07-25 08:03:17,739 - INFO - 已断开与Neo4j的连接。
